生成启动时间为 2020/3/25 21:32:21。
     1>项目“E:\Visual Stdio Code\test_3_25\test_3_25\test_3_25.vcxproj”在节点 2 上(Build 个目标)。
     1>ClCompile:
         E:\VS2013\VC\bin\CL.exe /c /ZI /nologo /W3 /WX- /sdl /Od /Oy- /D _MBCS /Gm /EHsc /RTC1 /MDd /GS /fp:precise /Zc:wchar_t /Zc:forScope /Fo"Debug\\" /Fd"Debug\vc120.pdb" /Gd /TC /analyze- /errorReport:prompt test.c
         test.c
     1>e:\visual stdio code\test_3_25\test_3_25\test.c(199): error C2087: “arr1”: 缺少下标
     1>e:\visual stdio code\test_3_25\test_3_25\test.c(199): error C2078: 初始值设定项太多
     1>已完成生成项目“E:\Visual Stdio Code\test_3_25\test_3_25\test_3_25.vcxproj”(Build 个目标)的操作 - 失败。

生成失败。

已用时间 00:00:00.20
